<?xml version="1.0" encoding="UTF-8"?>
<!-- Generated by org.testng.reporters.JUnitReportReporter -->
<testsuite hostname="Sanju" failures="0" tests="1" name="C_Wad_batch_Selenium_Programs.example6" time="7.169" errors="0" timestamp="2023-07-03T19:20:49 IST" skipped="0">
  <testcase classname="C_Wad_batch_Selenium_Programs.example6" name="TC1" time="7.169"/>
  <system-out/>
</testsuite> <!-- C_Wad_batch_Selenium_Programs.example6 -->
