<?xml version="1.0" encoding="UTF-8"?>
<!-- Generated by org.testng.reporters.JUnitReportReporter -->
<testsuite hostname="Sanju" failures="0" tests="5" name="C_Wad_batch_Selenium_Programs.example4_threadPoolSize" time="0.017" errors="0" timestamp="2023-06-27T08:43:53 IST" skipped="0">
  <testcase classname="C_Wad_batch_Selenium_Programs.example4_threadPoolSize" name="TC1" time="0.007"/>
  <system-out/>
  <testcase classname="C_Wad_batch_Selenium_Programs.example4_threadPoolSize" name="TC1" time="0.007"/>
  <system-out/>
  <testcase classname="C_Wad_batch_Selenium_Programs.example4_threadPoolSize" name="TC1" time="0.001"/>
  <system-out/>
  <testcase classname="C_Wad_batch_Selenium_Programs.example4_threadPoolSize" name="TC1" time="0.001"/>
  <system-out/>
  <testcase classname="C_Wad_batch_Selenium_Programs.example4_threadPoolSize" name="TC1" time="0.001"/>
  <system-out/>
</testsuite> <!-- C_Wad_batch_Selenium_Programs.example4_threadPoolSize -->
